<?xml version="1.0" encoding="UTF-8"?>
<!-- Generated by org.testng.reporters.JUnitXMLReporter -->
<testsuite ignored="0" hostname="KELLGGNLPTP1383" failures="0" tests="18" name="Default test" time="163.811" errors="0" timestamp="17 Jul 2023 18:58:45 GMT">
  <testcase classname="apiDemoTest.ApiDemoTest" name="acceptTermAndConditionTest" time="0.011"/>
  <testcase classname="apiDemoTest.ApiDemoTest" name="tapOnViewsTest" time="4.221"/>
  <testcase classname="apiDemoTest.ApiDemoTest" name="clickOnElementAnimationTest" time="3.947"/>
  <testcase classname="apiDemoTest.ApiDemoTest" name="pressOnElement3D_TransitionTest" time="4.023"/>
  <testcase classname="apiDemoTest.ApiDemoTest" name="ScrollAndClickOnElementPopUpMenuTest" time="16.484"/>
  <testcase classname="apiDemoTest.ApiDemoTest" name="scrollUpDownAndClickTest" time="17.457"/>
  <testcase classname="apiDemoTest.ApiDemoTest" name="clickonOnOffButtonTest" time="6.919"/>
  <testcase classname="apiDemoTest.ApiDemoTest" name="clickonOnOffButtonTest1" time="9.204"/>
  <testcase classname="apiDemoTest.ApiDemoTest" name="longPresspeopleTest" time="19.611"/>
  <testcase classname="apiDemoTest.ApiDemoTest" name="runInBackgroundTest" time="7.434"/>
  <testcase classname="apiDemoTest.ApiDemoTest" name="terminateAppTest" time="5.426"/>
  <testcase classname="apiDemoTest.ApiDemoTest" name="activateAppTest" time="3.853"/>
  <testcase classname="apiDemoTest.ApiDemoTest" name="qureyAppstateTest" time="3.773"/>
  <testcase classname="apiDemoTest.ApiDemoTest" name="removeappTest" time="0.002"/>
  <testcase classname="apiDemoTest.ApiDemoTest" name="qureyAppstate1Test" time="3.854"/>
  <testcase classname="apiDemoTest.ApiDemoTest" name="activateApp1Test" time="3.944"/>
  <testcase classname="apiDemoTest.ApiDemoTest" name="scrollUpDirectelyWithElementTest" time="12.251"/>
  <testcase classname="apiDemoTest.ApiDemoTest" name="terminateAppTest2" time="5.429"/>
</testsuite> <!-- Default test -->
