<?xml version="1.0" encoding="UTF-8"?>
<!-- Generated by org.testng.reporters.JUnitXMLReporter -->
<testsuite ignored="0" hostname="KELLGGNLPTP1383" failures="0" tests="17" name="Default test" time="168.933" errors="0" timestamp="15 Jul 2023 18:02:02 GMT">
  <testcase classname="apiDemoTest.ApiDemoTest" name="acceptTermAndConditionTest" time="0.005"/>
  <testcase classname="apiDemoTest.ApiDemoTest" name="tapOnViewsTest" time="3.918"/>
  <testcase classname="apiDemoTest.ApiDemoTest" name="clickOnElementAnimationTest" time="4.513"/>
  <testcase classname="apiDemoTest.ApiDemoTest" name="pressOnElement3D_TransitionTest" time="3.922"/>
  <testcase classname="apiDemoTest.ApiDemoTest" name="ScrollAndClickOnElementPopUpMenuTest" time="14.582"/>
  <testcase classname="apiDemoTest.ApiDemoTest" name="scrollUpDownAndClickTest" time="34.357"/>
  <testcase classname="apiDemoTest.ApiDemoTest" name="clickonOnOffButtonTest" time="6.208"/>
  <testcase classname="apiDemoTest.ApiDemoTest" name="clickonOnOffButtonTest1" time="9.069"/>
  <testcase classname="apiDemoTest.ApiDemoTest" name="longPresspeopleTest" time="19.68"/>
  <testcase classname="apiDemoTest.ApiDemoTest" name="runInBackgroundTest" time="7.164"/>
  <testcase classname="apiDemoTest.ApiDemoTest" name="terminateAppTest" time="5.44"/>
  <testcase classname="apiDemoTest.ApiDemoTest" name="activateAppTest" time="3.996"/>
  <testcase classname="apiDemoTest.ApiDemoTest" name="qureyAppstateTest" time="3.606"/>
  <testcase classname="apiDemoTest.ApiDemoTest" name="removeappTest" time="0.002"/>
  <testcase classname="apiDemoTest.ApiDemoTest" name="qureyAppstate1Test" time="3.656"/>
  <testcase classname="apiDemoTest.ApiDemoTest" name="activateApp1Test" time="3.748"/>
  <testcase classname="apiDemoTest.ApiDemoTest" name="scrollUpDirectelyWithElementTest" time="11.606"/>
</testsuite> <!-- Default test -->
