<?xml version="1.0" encoding="UTF-8"?>
<testng-results ignored="0" total="17" passed="17" failed="0" skipped="0">
  <reporter-output>
  </reporter-output>
  <suite started-at="2023-07-15T17:59:13Z" name="Default suite" finished-at="2023-07-15T18:02:02Z" duration-ms="168933">
    <groups>
    </groups>
    <test started-at="2023-07-15T17:59:13Z" name="Default test" finished-at="2023-07-15T18:02:02Z" duration-ms="168933">
      <class name="apiDemoTest.ApiDemoTest">
        <test-method is-config="true" signature="initializeAppDriver()[pri:0, instance:apiDemoTest.ApiDemoTest@d554c5f]" started-at="2023-07-15T23:29:13Z" name="initializeAppDriver" finished-at="2023-07-15T23:29:46Z" duration-ms="33412" status="PASS">
          <reporter-output>
          </reporter-output>
        </test-method> <!-- initializeAppDriver -->
        <test-method signature="acceptTermAndConditionTest()[pri:0, instance:apiDemoTest.ApiDemoTest@d554c5f]" started-at="2023-07-15T23:29:46Z" name="acceptTermAndConditionTest" finished-at="2023-07-15T23:29:46Z" duration-ms="5" status="PASS">
          <reporter-output>
          </reporter-output>
        </test-method> <!-- acceptTermAndConditionTest -->
        <test-method signature="tapOnViewsTest()[pri:1, instance:apiDemoTest.ApiDemoTest@d554c5f]" started-at="2023-07-15T23:29:46Z" name="tapOnViewsTest" finished-at="2023-07-15T23:29:50Z" duration-ms="3918" status="PASS">
          <reporter-output>
          </reporter-output>
        </test-method> <!-- tapOnViewsTest -->
        <test-method signature="clickOnElementAnimationTest()[pri:2, instance:apiDemoTest.ApiDemoTest@d554c5f]" started-at="2023-07-15T23:29:50Z" name="clickOnElementAnimationTest" finished-at="2023-07-15T23:29:55Z" duration-ms="4513" status="PASS">
          <reporter-output>
          </reporter-output>
        </test-method> <!-- clickOnElementAnimationTest -->
        <test-method signature="pressOnElement3D_TransitionTest()[pri:3, instance:apiDemoTest.ApiDemoTest@d554c5f]" started-at="2023-07-15T23:29:55Z" name="pressOnElement3D_TransitionTest" finished-at="2023-07-15T23:29:58Z" duration-ms="3922" status="PASS">
          <reporter-output>
          </reporter-output>
        </test-method> <!-- pressOnElement3D_TransitionTest -->
        <test-method signature="ScrollAndClickOnElementPopUpMenuTest()[pri:4, instance:apiDemoTest.ApiDemoTest@d554c5f]" started-at="2023-07-15T23:29:58Z" name="ScrollAndClickOnElementPopUpMenuTest" finished-at="2023-07-15T23:30:13Z" duration-ms="14582" status="PASS">
          <reporter-output>
          </reporter-output>
        </test-method> <!-- ScrollAndClickOnElementPopUpMenuTest -->
        <test-method signature="scrollUpDownAndClickTest()[pri:5, instance:apiDemoTest.ApiDemoTest@d554c5f]" started-at="2023-07-15T23:30:13Z" name="scrollUpDownAndClickTest" finished-at="2023-07-15T23:30:47Z" duration-ms="34357" status="PASS">
          <reporter-output>
          </reporter-output>
        </test-method> <!-- scrollUpDownAndClickTest -->
        <test-method signature="clickonOnOffButtonTest()[pri:6, instance:apiDemoTest.ApiDemoTest@d554c5f]" started-at="2023-07-15T23:30:47Z" name="clickonOnOffButtonTest" finished-at="2023-07-15T23:30:54Z" duration-ms="6208" status="PASS">
          <reporter-output>
          </reporter-output>
        </test-method> <!-- clickonOnOffButtonTest -->
        <test-method signature="clickonOnOffButtonTest1()[pri:7, instance:apiDemoTest.ApiDemoTest@d554c5f]" started-at="2023-07-15T23:30:54Z" name="clickonOnOffButtonTest1" finished-at="2023-07-15T23:31:03Z" duration-ms="9069" status="PASS">
          <reporter-output>
          </reporter-output>
        </test-method> <!-- clickonOnOffButtonTest1 -->
        <test-method signature="longPresspeopleTest()[pri:8, instance:apiDemoTest.ApiDemoTest@d554c5f]" started-at="2023-07-15T23:31:03Z" name="longPresspeopleTest" finished-at="2023-07-15T23:31:22Z" duration-ms="19680" status="PASS">
          <reporter-output>
          </reporter-output>
        </test-method> <!-- longPresspeopleTest -->
        <test-method signature="runInBackgroundTest()[pri:9, instance:apiDemoTest.ApiDemoTest@d554c5f]" started-at="2023-07-15T23:31:22Z" name="runInBackgroundTest" finished-at="2023-07-15T23:31:30Z" duration-ms="7164" status="PASS">
          <reporter-output>
          </reporter-output>
        </test-method> <!-- runInBackgroundTest -->
        <test-method signature="terminateAppTest()[pri:10, instance:apiDemoTest.ApiDemoTest@d554c5f]" started-at="2023-07-15T23:31:30Z" name="terminateAppTest" finished-at="2023-07-15T23:31:35Z" duration-ms="5440" status="PASS">
          <reporter-output>
          </reporter-output>
        </test-method> <!-- terminateAppTest -->
        <test-method signature="activateAppTest()[pri:11, instance:apiDemoTest.ApiDemoTest@d554c5f]" started-at="2023-07-15T23:31:35Z" name="activateAppTest" finished-at="2023-07-15T23:31:39Z" duration-ms="3996" status="PASS">
          <reporter-output>
          </reporter-output>
        </test-method> <!-- activateAppTest -->
        <test-method signature="qureyAppstateTest()[pri:12, instance:apiDemoTest.ApiDemoTest@d554c5f]" started-at="2023-07-15T23:31:39Z" name="qureyAppstateTest" finished-at="2023-07-15T23:31:43Z" duration-ms="3606" status="PASS">
          <reporter-output>
          </reporter-output>
        </test-method> <!-- qureyAppstateTest -->
        <test-method signature="removeappTest()[pri:12, instance:apiDemoTest.ApiDemoTest@d554c5f]" started-at="2023-07-15T23:31:43Z" name="removeappTest" finished-at="2023-07-15T23:31:43Z" duration-ms="2" status="PASS">
          <reporter-output>
          </reporter-output>
        </test-method> <!-- removeappTest -->
        <test-method signature="qureyAppstate1Test()[pri:14, instance:apiDemoTest.ApiDemoTest@d554c5f]" started-at="2023-07-15T23:31:43Z" name="qureyAppstate1Test" finished-at="2023-07-15T23:31:46Z" duration-ms="3656" status="PASS">
          <reporter-output>
          </reporter-output>
        </test-method> <!-- qureyAppstate1Test -->
        <test-method signature="activateApp1Test()[pri:15, instance:apiDemoTest.ApiDemoTest@d554c5f]" started-at="2023-07-15T23:31:46Z" name="activateApp1Test" finished-at="2023-07-15T23:31:50Z" duration-ms="3748" status="PASS">
          <reporter-output>
          </reporter-output>
        </test-method> <!-- activateApp1Test -->
        <test-method signature="scrollUpDirectelyWithElementTest()[pri:16, instance:apiDemoTest.ApiDemoTest@d554c5f]" started-at="2023-07-15T23:31:50Z" name="scrollUpDirectelyWithElementTest" finished-at="2023-07-15T23:32:02Z" duration-ms="11606" status="PASS">
          <reporter-output>
          </reporter-output>
        </test-method> <!-- scrollUpDirectelyWithElementTest -->
      </class> <!-- apiDemoTest.ApiDemoTest -->
    </test> <!-- Default test -->
  </suite> <!-- Default suite -->
</testng-results>
